[dotenv@17.2.0] injecting env (4) from .env (tip: 🛠️  run anywhere with `dotenvx run -- yourcommand`)
Started HTTP and WebSocket JSON-RPC server at http://127.0.0.1:8545/

Accounts
========

WARNING: These accounts, and their private keys, are publicly known.
Any funds sent to them on Mainnet or any other live network WILL BE LOST.

Account #0: 0xf39Fd6e51aad88F6F4ce6aB8827279cffFb92266 (10000 ETH)
Private Key: 0xac0974bec39a17e36ba4a6b4d238ff944bacb478cbed5efcae784d7bf4f2ff80

Account #1: 0x70997970C51812dc3A010C7d01b50e0d17dc79C8 (10000 ETH)
Private Key: 0x59c6995e998f97a5a0044966f0945389dc9e86dae88c7a8412f4603b6b78690d

Account #2: 0x3C44CdDdB6a900fa2b585dd299e03d12FA4293BC (10000 ETH)
Private Key: 0x5de4111afa1a4b94908f83103eb1f1706367c2e68ca870fc3fb9a804cdab365a

Account #3: 0x90F79bf6EB2c4f870365E785982E1f101E93b906 (10000 ETH)
Private Key: 0x7c852118294e51e653712a81e05800f419141751be58f605c371e15141b007a6

Account #4: 0x15d34AAf54267DB7D7c367839AAf71A00a2C6A65 (10000 ETH)
Private Key: 0x47e179ec197488593b187f80a00eb0da91f1b9d0b13f8733639f19c30a34926a

Account #5: 0x9965507D1a55bcC2695C58ba16FB37d819B0A4dc (10000 ETH)
Private Key: 0x8b3a350cf5c34c9194ca85829a2df0ec3153be0318b5e2d3348e872092edffba

Account #6: 0x976EA74026E726554dB657fA54763abd0C3a0aa9 (10000 ETH)
Private Key: 0x92db14e403b83dfe3df233f83dfa3a0d7096f21ca9b0d6d6b8d88b2b4ec1564e

Account #7: 0x14dC79964da2C08b23698B3D3cc7Ca32193d9955 (10000 ETH)
Private Key: 0x4bbbf85ce3377467afe5d46f804f221813b2bb87f24d81f60f1fcdbf7cbf4356

Account #8: 0x23618e81E3f5cdF7f54C3d65f7FBc0aBf5B21E8f (10000 ETH)
Private Key: 0xdbda1821b80551c9d65939329250298aa3472ba22feea921c0cf5d620ea67b97

Account #9: 0xa0Ee7A142d267C1f36714E4a8F75612F20a79720 (10000 ETH)
Private Key: 0x2a871d0798f97d79848a013d4936a73bf4cc922c825d33c1cf7073dff6d409c6

Account #10: 0xBcd4042DE499D14e55001CcbB24a551F3b954096 (10000 ETH)
Private Key: 0xf214f2b2cd398c806f84e317254e0f0b801d0643303237d97a22a48e01628897

Account #11: 0x71bE63f3384f5fb98995898A86B02Fb2426c5788 (10000 ETH)
Private Key: 0x701b615bbdfb9de65240bc28bd21bbc0d996645a3dd57e7b12bc2bdf6f192c82

Account #12: 0xFABB0ac9d68B0B445fB7357272Ff202C5651694a (10000 ETH)
Private Key: 0xa267530f49f8280200edf313ee7af6b827f2a8bce2897751d06a843f644967b1

Account #13: 0x1CBd3b2770909D4e10f157cABC84C7264073C9Ec (10000 ETH)
Private Key: 0x47c99abed3324a2707c28affff1267e45918ec8c3f20b8aa892e8b065d2942dd

Account #14: 0xdF3e18d64BC6A983f673Ab319CCaE4f1a57C7097 (10000 ETH)
Private Key: 0xc526ee95bf44d8fc405a158bb884d9d1238d99f0612e9f33d006bb0789009aaa

Account #15: 0xcd3B766CCDd6AE721141F452C550Ca635964ce71 (10000 ETH)
Private Key: 0x8166f546bab6da521a8369cab06c5d2b9e46670292d85c875ee9ec20e84ffb61

Account #16: 0x2546BcD3c84621e976D8185a91A922aE77ECEc30 (10000 ETH)
Private Key: 0xea6c44ac03bff858b476bba40716402b03e41b8e97e276d1baec7c37d42484a0

Account #17: 0xbDA5747bFD65F08deb54cb465eB87D40e51B197E (10000 ETH)
Private Key: 0x689af8efa8c651a91ad287602527f3af2fe9f6501a7ac4b061667b5a93e037fd

Account #18: 0xdD2FD4581271e230360230F9337D5c0430Bf44C0 (10000 ETH)
Private Key: 0xde9be858da4a475276426320d5e9262ecfc3ba460bfac56360bfa6c4c28b4ee0

Account #19: 0x8626f6940E2eb28930eFb4CeF49B2d1F2C9C1199 (10000 ETH)
Private Key: 0xdf57089febbacf7ba0bc227dafbffa9fc08a93fdc68e1e42411a14efcf23656e

WARNING: These accounts, and their private keys, are publicly known.
Any funds sent to them on Mainnet or any other live network WILL BE LOST.

[32meth_blockNumber[0m
[32meth_getBlockByNumber[0m
[32meth_getBalance[0m
[32meth_getBalance (2)[0m
[32meth_getBalance (3)[0m
[32meth_getBalance (4)[0m
[32meth_getBalance (5)[0m
[32meth_getBalance (6)[0m
[32meth_getBalance (7)[0m
[32meth_blockNumber[0m
[32meth_accounts[0m
[32meth_accounts (2)[0m
[32meth_call[0m
  WARNING: Calling an account which is not a contract
  From: 0xf39fd6e51aad88f6f4ce6ab8827279cfffb92266
  To:   0x390eae7b649037b58ad506564fd05476038e3665

[32meth_call[0m
  Contract call: <UnrecognizedContract>
  From:          0xf39fd6e51aad88f6f4ce6ab8827279cfffb92266
  To:            0xa0b86991c6218b36c1d19d4a2e9eb0ce3606eb48

[32meth_blockNumber[0m
[32meth_getCode[0m
[32meth_accounts[0m
[32mhardhat_metadata[0m
[32mhardhat_metadata (2)[0m
[32mhardhat_metadata (3)[0m
[32mhardhat_metadata (4)[0m
[32mhardhat_metadata (5)[0m
[32mhardhat_metadata (6)[0m
[32mhardhat_metadata (7)[0m
[32mhardhat_metadata (8)[0m
[32mhardhat_metadata (9)[0m
[32mhardhat_metadata (10)[0m
[32mhardhat_metadata (11)[0m
[32mhardhat_metadata (12)[0m
[32mhardhat_metadata (13)[0m
[32mhardhat_metadata (14)[0m
[32mhardhat_metadata (15)[0m
[32mhardhat_metadata (16)[0m
[32mhardhat_metadata (17)[0m
[32mhardhat_metadata (18)[0m
[32mhardhat_metadata (19)[0m
[32mhardhat_metadata (20)[0m
[32meth_chainId[0m
[32meth_getBalance[0m
[32meth_accounts[0m
[32mhardhat_metadata[0m
[32mhardhat_metadata (2)[0m
[32mhardhat_metadata (3)[0m
[32mhardhat_metadata (4)[0m
[32mhardhat_metadata (5)[0m
[32mhardhat_metadata (6)[0m
[32mhardhat_metadata (7)[0m
[32mhardhat_metadata (8)[0m
[32mhardhat_metadata (9)[0m
[32mhardhat_metadata (10)[0m
[32mhardhat_metadata (11)[0m
[32mhardhat_metadata (12)[0m
[32mhardhat_metadata (13)[0m
[32mhardhat_metadata (14)[0m
[32mhardhat_metadata (15)[0m
[32mhardhat_metadata (16)[0m
[32mhardhat_metadata (17)[0m
[32mhardhat_metadata (18)[0m
[32mhardhat_metadata (19)[0m
[32mhardhat_metadata (20)[0m
[32meth_blockNumber[0m
[32meth_getBlockByNumber[0m
[32meth_feeHistory[0m
[32meth_sendTransaction[0m
  Contract deployment: BriqShares
  Contract address:    0x78155e681c54da4c25b6228753ecbff5d8c2def8
  Transaction:         0xadf5826746e86237f58903a964e16b5e1763f51e3935212899b77ce658b2703e
  From:                0xf39fd6e51aad88f6f4ce6ab8827279cfffb92266
  Value:               0 ETH
  Gas used:            720397 of 30000000
  Block #23092678:     0x94cc796c7b7f2fcdebbdd8158cd6d327d99a47da0cdfd5064c4f63322d1b4b61

[32meth_getTransactionByHash[0m
[32meth_getTransactionReceipt[0m
[32meth_accounts[0m
[32mhardhat_metadata[0m
[32mhardhat_metadata (2)[0m
[32mhardhat_metadata (3)[0m
[32mhardhat_metadata (4)[0m
[32mhardhat_metadata (5)[0m
[32mhardhat_metadata (6)[0m
[32mhardhat_metadata (7)[0m
[32mhardhat_metadata (8)[0m
[32mhardhat_metadata (9)[0m
[32mhardhat_metadata (10)[0m
[32mhardhat_metadata (11)[0m
[32mhardhat_metadata (12)[0m
[32mhardhat_metadata (13)[0m
[32mhardhat_metadata (14)[0m
[32mhardhat_metadata (15)[0m
[32mhardhat_metadata (16)[0m
[32mhardhat_metadata (17)[0m
[32mhardhat_metadata (18)[0m
[32mhardhat_metadata (19)[0m
[32mhardhat_metadata (20)[0m
[32meth_blockNumber[0m
[32meth_feeHistory[0m
[32meth_sendTransaction[0m
  Contract deployment: StrategyAave
  Contract address:    0x3c5ec7698538a74c15ca01c6cbb5fd6cbbae43ac
  Transaction:         0x604b401d6a64c6b05a1d908382512c9d9f331bd4d61934620f0fa822a1947ee7
  From:                0xf39fd6e51aad88f6f4ce6ab8827279cfffb92266
  Value:               0 ETH
  Gas used:            1073495 of 30000000
  Block #23092679:     0xcd5c8628afd25fa945f41b6ef2e9ab6b6022b3cdeed972ec011213f32863dc5c

[32meth_getTransactionByHash[0m
[32meth_getTransactionReceipt[0m
[32meth_accounts[0m
[32mhardhat_metadata[0m
[32mhardhat_metadata (2)[0m
[32mhardhat_metadata (3)[0m
[32mhardhat_metadata (4)[0m
[32mhardhat_metadata (5)[0m
[32mhardhat_metadata (6)[0m
[32mhardhat_metadata (7)[0m
[32mhardhat_metadata (8)[0m
[32mhardhat_metadata (9)[0m
[32mhardhat_metadata (10)[0m
[32mhardhat_metadata (11)[0m
[32mhardhat_metadata (12)[0m
[32mhardhat_metadata (13)[0m
[32mhardhat_metadata (14)[0m
[32mhardhat_metadata (15)[0m
[32mhardhat_metadata (16)[0m
[32mhardhat_metadata (17)[0m
[32mhardhat_metadata (18)[0m
[32mhardhat_metadata (19)[0m
[32mhardhat_metadata (20)[0m
[32meth_blockNumber[0m
[32meth_feeHistory[0m
[32meth_sendTransaction[0m
  Contract deployment: StrategyCompoundComet
  Contract address:    0x10f71f4b08915cc5908429e4d1c3e396a74dae8e
  Transaction:         0xf1e9557d4a3fadbe1ccc0cd4aa382106b291b64fa7dab703ed86e453cc3ff2be
  From:                0xf39fd6e51aad88f6f4ce6ab8827279cfffb92266
  Value:               0 ETH
  Gas used:            908941 of 30000000
  Block #23092680:     0x010df301e4ae2eda0457d410aa2b769c287957058e1c8ff62287a041ed213e5a

[32meth_getTransactionByHash[0m
[32meth_getTransactionReceipt[0m
[32meth_accounts[0m
[32mhardhat_metadata[0m
[32mhardhat_metadata (2)[0m
[32mhardhat_metadata (3)[0m
[32mhardhat_metadata (4)[0m
[32mhardhat_metadata (5)[0m
[32mhardhat_metadata (6)[0m
[32mhardhat_metadata (7)[0m
[32mhardhat_metadata (8)[0m
[32mhardhat_metadata (9)[0m
[32mhardhat_metadata (10)[0m
[32mhardhat_metadata (11)[0m
[32mhardhat_metadata (12)[0m
[32mhardhat_metadata (13)[0m
[32mhardhat_metadata (14)[0m
[32mhardhat_metadata (15)[0m
[32mhardhat_metadata (16)[0m
[32mhardhat_metadata (17)[0m
[32mhardhat_metadata (18)[0m
[32mhardhat_metadata (19)[0m
[32mhardhat_metadata (20)[0m
[32meth_blockNumber[0m
[32meth_feeHistory[0m
[32meth_sendTransaction[0m
  Contract deployment: StrategyCoordinator
  Contract address:    0x8f7e2d2fbd0a00a54396143f1bf3db9e604c5f8c
  Transaction:         0xfb78ac1ff8b3783874c32874d62afea56dd63cd768fcbbd9d13ba1b8f0b01bf5
  From:                0xf39fd6e51aad88f6f4ce6ab8827279cfffb92266
  Value:               0 ETH
  Gas used:            1367953 of 30000000
  Block #23092681:     0x21a32fd2580b5a12644572ec37aa1c8e191f4e98f11bd775db4d2f95810331a5

[32meth_getTransactionByHash[0m
[32meth_getTransactionReceipt[0m
[32meth_accounts[0m
[32mhardhat_metadata[0m
[32mhardhat_metadata (2)[0m
[32mhardhat_metadata (3)[0m
[32mhardhat_metadata (4)[0m
[32mhardhat_metadata (5)[0m
[32mhardhat_metadata (6)[0m
[32mhardhat_metadata (7)[0m
[32mhardhat_metadata (8)[0m
[32mhardhat_metadata (9)[0m
[32mhardhat_metadata (10)[0m
[32mhardhat_metadata (11)[0m
[32mhardhat_metadata (12)[0m
[32mhardhat_metadata (13)[0m
[32mhardhat_metadata (14)[0m
[32mhardhat_metadata (15)[0m
[32mhardhat_metadata (16)[0m
[32mhardhat_metadata (17)[0m
[32mhardhat_metadata (18)[0m
[32mhardhat_metadata (19)[0m
[32mhardhat_metadata (20)[0m
[32meth_blockNumber[0m
[32meth_feeHistory[0m
[32meth_sendTransaction[0m
  Contract deployment: BriqVault
  Contract address:    0xc2504cd8ca96723c248df5d696b921a3332f1d38
  Transaction:         0x5c33486dc3eaa1d984e89bebb17d152866b5fa60ed9820c5a53dfac31082765c
  From:                0xf39fd6e51aad88f6f4ce6ab8827279cfffb92266
  Value:               0 ETH
  Gas used:            696230 of 30000000
  Block #23092682:     0x65c96d0f9564d2aa8fba626b897c419407c1e6075f26602b325c516a7415a04c

[32meth_getTransactionByHash[0m
[32meth_getTransactionReceipt[0m
[32meth_blockNumber[0m
[32meth_feeHistory[0m
[32meth_sendTransaction[0m
  Contract call:       BriqShares#setVault
  Transaction:         0x76fdefb9f3a0f371af4a891c3aa62bc7a797f99edfbba1f55c5e3bc22d8dc351
  From:                0xf39fd6e51aad88f6f4ce6ab8827279cfffb92266
  To:                  0x78155e681c54da4c25b6228753ecbff5d8c2def8
  Value:               0 ETH
  Gas used:            51017 of 30000000
  Block #23092683:     0x9b821ba40ed3e433709d1ed69d5c11f7f26ef3ae07fc1116b188af7130d4c3a6

[32meth_getTransactionByHash[0m
[32meth_getTransactionReceipt[0m
[32meth_blockNumber[0m
[32meth_feeHistory[0m
[32meth_sendTransaction[0m
  Contract call:       StrategyAave#setCoordinator
  Transaction:         0xe571079f1cd5cdcbc8cdf7ee9af70f70188c36fe4f31593d634de201517863bb
  From:                0xf39fd6e51aad88f6f4ce6ab8827279cfffb92266
  To:                  0x3c5ec7698538a74c15ca01c6cbb5fd6cbbae43ac
  Value:               0 ETH
  Gas used:            47418 of 30000000
  Block #23092684:     0x3eb3f53a8c3bbec2e7d6396da25eaa53a0876373ccf47fcc5ff5c942f3a4f082

[32meth_getTransactionByHash[0m
[32meth_getTransactionReceipt[0m
[32meth_blockNumber[0m
[32meth_feeHistory[0m
[32meth_sendTransaction[0m
  Contract call:       StrategyCompoundComet#setCoordinator
  Transaction:         0xd0256458aade5811fffc98c42339c92bd234b0527a33e460ac750102f5f6f806
  From:                0xf39fd6e51aad88f6f4ce6ab8827279cfffb92266
  To:                  0x10f71f4b08915cc5908429e4d1c3e396a74dae8e
  Value:               0 ETH
  Gas used:            47417 of 30000000
  Block #23092685:     0x166c1cc662d652b94abdc8bf32fa3e6c7c7a41125aa988f59db02f09bca735ef

[32meth_getTransactionByHash[0m
[32meth_getTransactionReceipt[0m
[32meth_blockNumber[0m
[32meth_feeHistory[0m
[32meth_sendTransaction[0m
  Contract call:       StrategyCoordinator#updateVaultAddress
  Transaction:         0xb3319d9e1ed95854980e2427ac467e51bfc31f935ef756119fca2e03f5e36b0e
  From:                0xf39fd6e51aad88f6f4ce6ab8827279cfffb92266
  To:                  0x8f7e2d2fbd0a00a54396143f1bf3db9e604c5f8c
  Value:               0 ETH
  Gas used:            46191 of 30000000
  Block #23092686:     0x2f3154db1100aff5eef27dc4090f6c84aca7f30c838644ba9160107de0d136e1

[32meth_getTransactionByHash[0m
[32meth_getTransactionReceipt[0m
[32meth_blockNumber[0m
[32meth_feeHistory[0m
[32meth_sendTransaction[0m
  Contract call:       StrategyAave#setAavePool
  Transaction:         0x1ce329765b5f7e0ece1fb0f8c4a34c0dbf1b6d8ee37de4ac5dd78ba5a35fe7ad
  From:                0xf39fd6e51aad88f6f4ce6ab8827279cfffb92266
  To:                  0x3c5ec7698538a74c15ca01c6cbb5fd6cbbae43ac
  Value:               0 ETH
  Gas used:            47281 of 30000000
  Block #23092687:     0xe56d9ae269bfec51ce1e13a7320733426cc446e9c4e05f55181891ae96870bf6

[32meth_getTransactionByHash[0m
[32meth_getTransactionReceipt[0m
[32meth_blockNumber[0m
[32meth_feeHistory[0m
[32meth_sendTransaction[0m
  Contract call:       StrategyAave#addSupportedToken
  Transaction:         0x4c9d0aeb9be511a57126efa8f22539dd81622e0f63e52287b506bd88aef6620c
  From:                0xf39fd6e51aad88f6f4ce6ab8827279cfffb92266
  To:                  0x3c5ec7698538a74c15ca01c6cbb5fd6cbbae43ac
  Value:               0 ETH
  Gas used:            150921 of 30000000
  Block #23092688:     0x9eb53c0e19fb3d2ee910482075501e5fa16b14229f85886c09f94f73d9a5e951

[32meth_getTransactionByHash[0m
[32meth_getTransactionReceipt[0m
[32meth_blockNumber[0m
[32meth_feeHistory[0m
[32meth_sendTransaction[0m
  Contract call:       StrategyAave#addSupportedToken
  Transaction:         0x0ba0b9492fb57c19ce14a53328a22c7dad5116500f77bfd268b5af4709f3e9a9
  From:                0xf39fd6e51aad88f6f4ce6ab8827279cfffb92266
  To:                  0x3c5ec7698538a74c15ca01c6cbb5fd6cbbae43ac
  Value:               0 ETH
  Gas used:            133821 of 30000000
  Block #23092689:     0x1cd9a5fd38e3ee0b80fb4fd99b03191f227fe91a1651441e6326ca5c6a7a7a7f

[32meth_getTransactionByHash[0m
[32meth_getTransactionReceipt[0m
[32meth_blockNumber[0m
[32meth_feeHistory[0m
[32meth_sendTransaction[0m
  Contract call:       StrategyCompoundComet#updateMarketSupport
  Transaction:         0x1a75cb9bf6d570150a39125bd2703db5951caa008ae6e967e4b40d5ecd723945
  From:                0xf39fd6e51aad88f6f4ce6ab8827279cfffb92266
  To:                  0x10f71f4b08915cc5908429e4d1c3e396a74dae8e
  Value:               0 ETH
  Gas used:            82888 of 30000000
  Block #23092690:     0xe90a18241b682147de4ca00e744f9769e783caf2d9fda17121f3bf2b48a978a0

[32meth_getTransactionByHash[0m
[32meth_getTransactionReceipt[0m
[32meth_blockNumber[0m
[32meth_feeHistory[0m
[32meth_sendTransaction[0m
  Contract call:       StrategyCompoundComet#updateMarketSupport
  Transaction:         0x59c767a79fe3d95293fb9a03e0f0d2b62bd4d1e20c11f300c0aac59024aa658a
  From:                0xf39fd6e51aad88f6f4ce6ab8827279cfffb92266
  To:                  0x10f71f4b08915cc5908429e4d1c3e396a74dae8e
  Value:               0 ETH
  Gas used:            82888 of 30000000
  Block #23092691:     0x91047c4103b177958b09cbf1f1f17eb88ec9b8a2845ee5e6e73a53d136ab9acc

[32meth_getTransactionByHash[0m
[32meth_getTransactionReceipt[0m
[32meth_blockNumber[0m
[32meth_feeHistory[0m
[32meth_sendTransaction[0m
  Contract call:       StrategyCompoundComet#updateTokenSupport
  Transaction:         0x55ecbbd24b8286e2ac090511fc5a662cfd68f998984a9e6257caaec1a2b6b873
  From:                0xf39fd6e51aad88f6f4ce6ab8827279cfffb92266
  To:                  0x10f71f4b08915cc5908429e4d1c3e396a74dae8e
  Value:               0 ETH
  Gas used:            50410 of 30000000
  Block #23092692:     0x192cda304699186ddd349fa01bc69ec6b140e73daa2d323eddadbc7db436256b

[32meth_getTransactionByHash[0m
[32meth_getTransactionReceipt[0m
[32meth_blockNumber[0m
[32meth_feeHistory[0m
[32meth_sendTransaction[0m
  Contract call:       StrategyCompoundComet#updateTokenSupport
  Transaction:         0x9c27d5a03eae4e03cc90aa295176e7263b73416a5df2a13432a3ce54da9424eb
  From:                0xf39fd6e51aad88f6f4ce6ab8827279cfffb92266
  To:                  0x10f71f4b08915cc5908429e4d1c3e396a74dae8e
  Value:               0 ETH
  Gas used:            50410 of 30000000
  Block #23092693:     0xe332e52f571fa3a0bd43c8b2b4e4dc07f0aa725e12874af8c29776c66d7b558b

[32meth_getTransactionByHash[0m
[32meth_getTransactionReceipt[0m
[32meth_blockNumber[0m
[32meth_feeHistory[0m
[32meth_sendTransaction[0m
  Contract call:       StrategyCoordinator#setStrategyForToken
  Transaction:         0x87288838ba6cf99c8d9c9a85f0fb64a98f0ba7986aafce5ea98fadc74e92a5f7
  From:                0xf39fd6e51aad88f6f4ce6ab8827279cfffb92266
  To:                  0x8f7e2d2fbd0a00a54396143f1bf3db9e604c5f8c
  Value:               0 ETH
  Gas used:            57914 of 30000000
  Block #23092694:     0xb8a117fc40d7fa34d19efd4708a38c96f97a1759ab3261dffae670d2738b1ce6

[32meth_getTransactionByHash[0m
[32meth_getTransactionReceipt[0m
[32meth_blockNumber[0m
[32meth_feeHistory[0m
[32meth_sendTransaction[0m
  Contract call:       StrategyCoordinator#setStrategyForToken
  Transaction:         0x8c8d28691ca8241a3cf572300c21c6c6e87065121377888e140d2b1ea90a2dd0
  From:                0xf39fd6e51aad88f6f4ce6ab8827279cfffb92266
  To:                  0x8f7e2d2fbd0a00a54396143f1bf3db9e604c5f8c
  Value:               0 ETH
  Gas used:            77916 of 30000000
  Block #23092695:     0x6b12629614053f618378424ee2f8bf30f8f2a7f0fd6ab0ece7af14c8b0fb279b

[32meth_getTransactionByHash[0m
[32meth_getTransactionReceipt[0m
[32meth_accounts[0m
[32mhardhat_metadata[0m
[32mhardhat_metadata (2)[0m
[32mhardhat_metadata (3)[0m
[32mhardhat_metadata (4)[0m
[32mhardhat_metadata (5)[0m
[32mhardhat_metadata (6)[0m
[32mhardhat_metadata (7)[0m
[32mhardhat_metadata (8)[0m
[32mhardhat_metadata (9)[0m
[32mhardhat_metadata (10)[0m
[32mhardhat_metadata (11)[0m
[32mhardhat_metadata (12)[0m
[32mhardhat_metadata (13)[0m
[32mhardhat_metadata (14)[0m
[32mhardhat_metadata (15)[0m
[32mhardhat_metadata (16)[0m
[32mhardhat_metadata (17)[0m
[32mhardhat_metadata (18)[0m
[32mhardhat_metadata (19)[0m
[32mhardhat_metadata (20)[0m
[32meth_accounts[0m
[32mhardhat_metadata[0m
[32mhardhat_metadata (2)[0m
[32mhardhat_metadata (3)[0m
[32mhardhat_metadata (4)[0m
[32mhardhat_metadata (5)[0m
[32mhardhat_metadata (6)[0m
[32mhardhat_metadata (7)[0m
[32mhardhat_metadata (8)[0m
[32mhardhat_metadata (9)[0m
[32mhardhat_metadata (10)[0m
[32mhardhat_metadata (11)[0m
[32mhardhat_metadata (12)[0m
[32mhardhat_metadata (13)[0m
[32mhardhat_metadata (14)[0m
[32mhardhat_metadata (15)[0m
[32mhardhat_metadata (16)[0m
[32mhardhat_metadata (17)[0m
[32mhardhat_metadata (18)[0m
[32mhardhat_metadata (19)[0m
[32mhardhat_metadata (20)[0m
[32mhardhat_impersonateAccount[0m
[32mhardhat_impersonateAccount (2)[0m
[32mhardhat_metadata[0m
[32mhardhat_metadata (2)[0m
[32mhardhat_setBalance[0m
[32mhardhat_setBalance (2)[0m
[32meth_blockNumber[0m
[32meth_feeHistory[0m
[32meth_sendTransaction[0m
  Contract call:       <UnrecognizedContract>
  Transaction:         0x1a34235728840598bddef41203f2b2a8f82c6886aa089859c52378d98d509db5
  From:                0x55fe002aeff02f77364de339a1292923a15844b8
  To:                  0xa0b86991c6218b36c1d19d4a2e9eb0ce3606eb48
  Value:               0 ETH
  Gas used:            62260 of 30000000
  Block #23092696:     0x1338eb4eca3e28fbe5f690f91c770b51beb4940438f1862d9e6a40c44417225d

[32meth_getTransactionByHash[0m
[32meth_blockNumber[0m
[32meth_feeHistory[0m
[32meth_sendTransaction[0m
  Contract call:       <UnrecognizedContract>
  Transaction:         0x73e18b996f5d70e23ac0bfd3ffa7b56b41d766a10d9e7ba5dec713b293823f4e
  From:                0x312e67b47a2a29ae200184949093d92369f80b53
  To:                  0xc02aaa39b223fe8d0a0e5c4f27ead9083c756cc2
  Value:               0 ETH
  Gas used:            51594 of 30000000
  Block #23092697:     0x5317f27828fb77d6b686249fc6975abac8650dd27f1ae22fd68b35b5fd3ede8a

[32meth_blockNumber[0m
[32meth_getTransactionByHash[0m
[32meth_getBlockByNumber[0m
[32meth_call[0m
  Contract call:       <UnrecognizedContract>
  From:                0xf39fd6e51aad88f6f4ce6ab8827279cfffb92266
  To:                  0xa0b86991c6218b36c1d19d4a2e9eb0ce3606eb48

[32meth_getBalance[0m
[32meth_getBalance (2)[0m
[32meth_getBalance (3)[0m
[32meth_getBalance (4)[0m
[32meth_call[0m
  Contract call:       <UnrecognizedContract>
  From:                0xf39fd6e51aad88f6f4ce6ab8827279cfffb92266
  To:                  0xc02aaa39b223fe8d0a0e5c4f27ead9083c756cc2

[32meth_getBalance[0m
[32meth_getBalance (2)[0m
[32meth_getBalance (3)[0m
[32meth_getBalance (4)[0m
[32meth_call[0m
  Contract call:       <UnrecognizedContract>
  From:                0xf39fd6e51aad88f6f4ce6ab8827279cfffb92266
  To:                  0xa0b86991c6218b36c1d19d4a2e9eb0ce3606eb48

[32meth_call[0m
  WARNING: Calling an account which is not a contract
  From:                0xf39fd6e51aad88f6f4ce6ab8827279cfffb92266
  To:                  0x390eae7b649037b58ad506564fd05476038e3665

[32meth_blockNumber[0m
[32meth_blockNumber (2)[0m
[32mnet_version[0m
[32meth_blockNumber[0m
[32meth_getBalance[0m
[32meth_getBalance (2)[0m
